{"C:\\ProgrammierProjeke\\vidly\\index.js": {"path":"C:\\ProgrammierProjeke\\vidly\\index.js","statementMap":{"0":{"start":{"line":1,"column":16},"end":{"line":1,"column":34}},"1":{"start":{"line":2,"column":14},"end":{"line":2,"column":32}},"2":{"start":{"line":5,"column":12},"end":{"line":5,"column":21}},"3":{"start":{"line":7,"column":0},"end":{"line":7,"column":31}},"4":{"start":{"line":8,"column":0},"end":{"line":8,"column":33}},"5":{"start":{"line":9,"column":0},"end":{"line":9,"column":26}},"6":{"start":{"line":10,"column":0},"end":{"line":10,"column":33}},"7":{"start":{"line":11,"column":0},"end":{"line":11,"column":34}},"8":{"start":{"line":12,"column":0},"end":{"line":12,"column":31}},"9":{"start":{"line":17,"column":13},"end":{"line":17,"column":37}},"10":{"start":{"line":18,"column":15},"end":{"line":18,"column":83}},"11":{"start":{"line":18,"column":38},"end":{"line":18,"column":82}},"12":{"start":{"line":20,"column":0},"end":{"line":20,"column":24}}},"fnMap":{"0":{"name":"(anonymous_0)","decl":{"start":{"line":18,"column":32},"end":{"line":18,"column":33}},"loc":{"start":{"line":18,"column":38},"end":{"line":18,"column":82}},"line":18}},"branchMap":{"0":{"loc":{"start":{"line":17,"column":13},"end":{"line":17,"column":37}},"type":"binary-expr","locations":[{"start":{"line":17,"column":13},"end":{"line":17,"column":29}},{"start":{"line":17,"column":33},"end":{"line":17,"column":37}}],"line":17}},"s":{"0":3,"1":3,"2":3,"3":3,"4":3,"5":3,"6":3,"7":3,"8":3,"9":3,"10":3,"11":3,"12":3},"f":{"0":3},"b":{"0":[3,3]},"_coverageSchema":"332fd63041d2c1bcb487cc26dd0d5f7d97098a6c","hash":"db0d78bf5a7ca57d0b3069ffd31e62670a95d063"}
,"C:\\ProgrammierProjeke\\vidly\\middleware\\admin.js": {"path":"C:\\ProgrammierProjeke\\vidly\\middleware\\admin.js","statementMap":{"0":{"start":{"line":1,"column":0},"end":{"line":5,"column":1}},"1":{"start":{"line":3,"column":4},"end":{"line":3,"column":74}},"2":{"start":{"line":3,"column":28},"end":{"line":3,"column":73}},"3":{"start":{"line":4,"column":4},"end":{"line":4,"column":11}}},"fnMap":{"0":{"name":"(anonymous_0)","decl":{"start":{"line":1,"column":17},"end":{"line":1,"column":18}},"loc":{"start":{"line":1,"column":42},"end":{"line":5,"column":1}},"line":1}},"branchMap":{"0":{"loc":{"start":{"line":3,"column":4},"end":{"line":3,"column":74}},"type":"if","locations":[{"start":{"line":3,"column":4},"end":{"line":3,"column":74}},{"start":{"line":3,"column":4},"end":{"line":3,"column":74}}],"line":3}},"s":{"0":3,"1":0,"2":0,"3":0},"f":{"0":0},"b":{"0":[0,0]},"_coverageSchema":"332fd63041d2c1bcb487cc26dd0d5f7d97098a6c","hash":"c31035feeac3682dea35f43da0e20257cf0440df"}
,"C:\\ProgrammierProjeke\\vidly\\middleware\\auth.js": {"path":"C:\\ProgrammierProjeke\\vidly\\middleware\\auth.js","statementMap":{"0":{"start":{"line":4,"column":12},"end":{"line":4,"column":35}},"1":{"start":{"line":5,"column":15},"end":{"line":5,"column":32}},"2":{"start":{"line":7,"column":0},"end":{"line":22,"column":2}},"3":{"start":{"line":9,"column":18},"end":{"line":9,"column":44}},"4":{"start":{"line":11,"column":4},"end":{"line":11,"column":82}},"5":{"start":{"line":11,"column":17},"end":{"line":11,"column":81}},"6":{"start":{"line":12,"column":4},"end":{"line":21,"column":5}},"7":{"start":{"line":14,"column":24},"end":{"line":14,"column":70}},"8":{"start":{"line":16,"column":8},"end":{"line":16,"column":27}},"9":{"start":{"line":17,"column":8},"end":{"line":17,"column":15}},"10":{"start":{"line":20,"column":8},"end":{"line":20,"column":47}}},"fnMap":{"0":{"name":"auth","decl":{"start":{"line":7,"column":26},"end":{"line":7,"column":30}},"loc":{"start":{"line":7,"column":45},"end":{"line":22,"column":1}},"line":7}},"branchMap":{"0":{"loc":{"start":{"line":11,"column":4},"end":{"line":11,"column":82}},"type":"if","locations":[{"start":{"line":11,"column":4},"end":{"line":11,"column":82}},{"start":{"line":11,"column":4},"end":{"line":11,"column":82}}],"line":11}},"s":{"0":4,"1":4,"2":4,"3":19,"4":19,"5":3,"6":16,"7":16,"8":15,"9":15,"10":1},"f":{"0":19},"b":{"0":[3,16]},"_coverageSchema":"332fd63041d2c1bcb487cc26dd0d5f7d97098a6c","hash":"2b8d991c46ce7345f5e89807eba116cb7fa32d13"}
,"C:\\ProgrammierProjeke\\vidly\\middleware\\error.js": {"path":"C:\\ProgrammierProjeke\\vidly\\middleware\\error.js","statementMap":{"0":{"start":{"line":2,"column":16},"end":{"line":2,"column":34}},"1":{"start":{"line":4,"column":0},"end":{"line":9,"column":2}},"2":{"start":{"line":6,"column":4},"end":{"line":6,"column":36}},"3":{"start":{"line":8,"column":4},"end":{"line":8,"column":46}}},"fnMap":{"0":{"name":"(anonymous_0)","decl":{"start":{"line":4,"column":17},"end":{"line":4,"column":18}},"loc":{"start":{"line":4,"column":47},"end":{"line":9,"column":1}},"line":4}},"branchMap":{},"s":{"0":3,"1":3,"2":0,"3":0},"f":{"0":0},"b":{},"_coverageSchema":"332fd63041d2c1bcb487cc26dd0d5f7d97098a6c","hash":"7a02c5fd4e28b8bf66702b4a4f09f36dd4724704"}
,"C:\\ProgrammierProjeke\\vidly\\middleware\\logger.js": {"path":"C:\\ProgrammierProjeke\\vidly\\middleware\\logger.js","statementMap":{"0":{"start":{"line":4,"column":4},"end":{"line":4,"column":30}},"1":{"start":{"line":5,"column":4},"end":{"line":5,"column":11}},"2":{"start":{"line":7,"column":0},"end":{"line":7,"column":21}}},"fnMap":{"0":{"name":"log","decl":{"start":{"line":3,"column":9},"end":{"line":3,"column":12}},"loc":{"start":{"line":3,"column":29},"end":{"line":6,"column":1}},"line":3}},"branchMap":{},"s":{"0":22,"1":22,"2":3},"f":{"0":22},"b":{},"_coverageSchema":"332fd63041d2c1bcb487cc26dd0d5f7d97098a6c","hash":"d2e85de18c7145cb3436d068f1de82cb43571398"}
,"C:\\ProgrammierProjeke\\vidly\\middleware\\validate.js": {"path":"C:\\ProgrammierProjeke\\vidly\\middleware\\validate.js","statementMap":{"0":{"start":{"line":2,"column":0},"end":{"line":8,"column":1}},"1":{"start":{"line":3,"column":4},"end":{"line":7,"column":5}},"2":{"start":{"line":4,"column":26},"end":{"line":4,"column":45}},"3":{"start":{"line":5,"column":8},"end":{"line":5,"column":73}},"4":{"start":{"line":5,"column":19},"end":{"line":5,"column":73}},"5":{"start":{"line":6,"column":8},"end":{"line":6,"column":15}}},"fnMap":{"0":{"name":"(anonymous_0)","decl":{"start":{"line":2,"column":17},"end":{"line":2,"column":18}},"loc":{"start":{"line":2,"column":32},"end":{"line":8,"column":1}},"line":2},"1":{"name":"(anonymous_1)","decl":{"start":{"line":3,"column":11},"end":{"line":3,"column":12}},"loc":{"start":{"line":3,"column":31},"end":{"line":7,"column":5}},"line":3}},"branchMap":{"0":{"loc":{"start":{"line":5,"column":8},"end":{"line":5,"column":73}},"type":"if","locations":[{"start":{"line":5,"column":8},"end":{"line":5,"column":73}},{"start":{"line":5,"column":8},"end":{"line":5,"column":73}}],"line":5}},"s":{"0":3,"1":3,"2":9,"3":9,"4":2,"5":7},"f":{"0":3,"1":9},"b":{"0":[2,7]},"_coverageSchema":"332fd63041d2c1bcb487cc26dd0d5f7d97098a6c","hash":"23717433c975977d71ed5837806645219bf15d14"}
,"C:\\ProgrammierProjeke\\vidly\\middleware\\validateObjectId.js": {"path":"C:\\ProgrammierProjeke\\vidly\\middleware\\validateObjectId.js","statementMap":{"0":{"start":{"line":2,"column":17},"end":{"line":2,"column":36}},"1":{"start":{"line":4,"column":0},"end":{"line":9,"column":1}},"2":{"start":{"line":5,"column":4},"end":{"line":7,"column":5}},"3":{"start":{"line":6,"column":8},"end":{"line":6,"column":51}},"4":{"start":{"line":8,"column":4},"end":{"line":8,"column":11}}},"fnMap":{"0":{"name":"(anonymous_0)","decl":{"start":{"line":4,"column":17},"end":{"line":4,"column":18}},"loc":{"start":{"line":4,"column":42},"end":{"line":9,"column":1}},"line":4}},"branchMap":{"0":{"loc":{"start":{"line":5,"column":4},"end":{"line":7,"column":5}},"type":"if","locations":[{"start":{"line":5,"column":4},"end":{"line":7,"column":5}},{"start":{"line":5,"column":4},"end":{"line":7,"column":5}}],"line":5}},"s":{"0":3,"1":3,"2":3,"3":1,"4":2},"f":{"0":3},"b":{"0":[1,2]},"_coverageSchema":"332fd63041d2c1bcb487cc26dd0d5f7d97098a6c","hash":"109b39b13e85f8a88e2e8f91d766ccc9e63e9944"}
,"C:\\ProgrammierProjeke\\vidly\\models\\customer.js": {"path":"C:\\ProgrammierProjeke\\vidly\\models\\customer.js","statementMap":{"0":{"start":{"line":4,"column":17},"end":{"line":4,"column":36}},"1":{"start":{"line":5,"column":12},"end":{"line":5,"column":26}},"2":{"start":{"line":8,"column":17},"end":{"line":25,"column":3}},"3":{"start":{"line":29,"column":19},"end":{"line":33,"column":6}},"4":{"start":{"line":34,"column":4},"end":{"line":34,"column":37}},"5":{"start":{"line":37,"column":0},"end":{"line":37,"column":28}},"6":{"start":{"line":38,"column":0},"end":{"line":38,"column":36}}},"fnMap":{"0":{"name":"validateCustomer","decl":{"start":{"line":28,"column":9},"end":{"line":28,"column":25}},"loc":{"start":{"line":28,"column":36},"end":{"line":35,"column":1}},"line":28}},"branchMap":{},"s":{"0":3,"1":3,"2":3,"3":0,"4":0,"5":3,"6":3},"f":{"0":0},"b":{},"_coverageSchema":"332fd63041d2c1bcb487cc26dd0d5f7d97098a6c","hash":"73bb7fed5fc76a8a86682fb3631c781f6ea2b52f"}
,"C:\\ProgrammierProjeke\\vidly\\models\\genre.js": {"path":"C:\\ProgrammierProjeke\\vidly\\models\\genre.js","statementMap":{"0":{"start":{"line":5,"column":17},"end":{"line":5,"column":36}},"1":{"start":{"line":6,"column":12},"end":{"line":6,"column":26}},"2":{"start":{"line":8,"column":20},"end":{"line":15,"column":2}},"3":{"start":{"line":18,"column":14},"end":{"line":18,"column":50}},"4":{"start":{"line":22,"column":19},"end":{"line":24,"column":6}},"5":{"start":{"line":25,"column":4},"end":{"line":25,"column":34}},"6":{"start":{"line":28,"column":0},"end":{"line":28,"column":34}},"7":{"start":{"line":29,"column":0},"end":{"line":29,"column":22}},"8":{"start":{"line":30,"column":0},"end":{"line":30,"column":33}}},"fnMap":{"0":{"name":"validateGenre","decl":{"start":{"line":21,"column":9},"end":{"line":21,"column":22}},"loc":{"start":{"line":21,"column":30},"end":{"line":26,"column":1}},"line":21}},"branchMap":{},"s":{"0":3,"1":3,"2":3,"3":3,"4":5,"5":5,"6":3,"7":3,"8":3},"f":{"0":5},"b":{},"_coverageSchema":"332fd63041d2c1bcb487cc26dd0d5f7d97098a6c","hash":"e286db7e44021352f3f1e85fd699fb17ae84ef0e"}
,"C:\\ProgrammierProjeke\\vidly\\models\\movie.js": {"path":"C:\\ProgrammierProjeke\\vidly\\models\\movie.js","statementMap":{"0":{"start":{"line":1,"column":12},"end":{"line":1,"column":26}},"1":{"start":{"line":2,"column":17},"end":{"line":2,"column":36}},"2":{"start":{"line":3,"column":22},"end":{"line":3,"column":40}},"3":{"start":{"line":5,"column":14},"end":{"line":29,"column":3}},"4":{"start":{"line":32,"column":17},"end":{"line":37,"column":4}},"5":{"start":{"line":39,"column":2},"end":{"line":39,"column":32}},"6":{"start":{"line":42,"column":0},"end":{"line":42,"column":22}},"7":{"start":{"line":43,"column":0},"end":{"line":43,"column":33}}},"fnMap":{"0":{"name":"validateMovie","decl":{"start":{"line":31,"column":9},"end":{"line":31,"column":22}},"loc":{"start":{"line":31,"column":30},"end":{"line":40,"column":1}},"line":31}},"branchMap":{},"s":{"0":3,"1":3,"2":3,"3":3,"4":0,"5":0,"6":3,"7":3},"f":{"0":0},"b":{},"_coverageSchema":"332fd63041d2c1bcb487cc26dd0d5f7d97098a6c","hash":"a733dc98b548e003a279eadd327b72d9fc572127"}
,"C:\\ProgrammierProjeke\\vidly\\models\\rental.js": {"path":"C:\\ProgrammierProjeke\\vidly\\models\\rental.js","statementMap":{"0":{"start":{"line":1,"column":12},"end":{"line":1,"column":26}},"1":{"start":{"line":2,"column":17},"end":{"line":2,"column":36}},"2":{"start":{"line":3,"column":15},"end":{"line":3,"column":32}},"3":{"start":{"line":5,"column":21},"end":{"line":57,"column":2}},"4":{"start":{"line":60,"column":0},"end":{"line":65,"column":1}},"5":{"start":{"line":61,"column":2},"end":{"line":64,"column":5}},"6":{"start":{"line":67,"column":0},"end":{"line":74,"column":1}},"7":{"start":{"line":69,"column":2},"end":{"line":69,"column":33}},"8":{"start":{"line":72,"column":21},"end":{"line":72,"column":56}},"9":{"start":{"line":73,"column":2},"end":{"line":73,"column":59}},"10":{"start":{"line":76,"column":15},"end":{"line":76,"column":53}},"11":{"start":{"line":79,"column":17},"end":{"line":82,"column":4}},"12":{"start":{"line":84,"column":2},"end":{"line":84,"column":33}},"13":{"start":{"line":87,"column":0},"end":{"line":87,"column":24}},"14":{"start":{"line":88,"column":0},"end":{"line":88,"column":34}}},"fnMap":{"0":{"name":"(anonymous_0)","decl":{"start":{"line":60,"column":30},"end":{"line":60,"column":31}},"loc":{"start":{"line":60,"column":60},"end":{"line":65,"column":1}},"line":60},"1":{"name":"(anonymous_1)","decl":{"start":{"line":67,"column":30},"end":{"line":67,"column":31}},"loc":{"start":{"line":67,"column":41},"end":{"line":74,"column":1}},"line":67},"2":{"name":"validateRental","decl":{"start":{"line":78,"column":9},"end":{"line":78,"column":23}},"loc":{"start":{"line":78,"column":32},"end":{"line":85,"column":1}},"line":78}},"branchMap":{},"s":{"0":3,"1":3,"2":3,"3":3,"4":3,"5":7,"6":3,"7":5,"8":5,"9":5,"10":3,"11":0,"12":0,"13":3,"14":3},"f":{"0":7,"1":5,"2":0},"b":{},"_coverageSchema":"332fd63041d2c1bcb487cc26dd0d5f7d97098a6c","hash":"e3cb72dd681aaf3f43e40dddfad1c4668cd24171"}
,"C:\\ProgrammierProjeke\\vidly\\models\\user.js": {"path":"C:\\ProgrammierProjeke\\vidly\\models\\user.js","statementMap":{"0":{"start":{"line":5,"column":15},"end":{"line":5,"column":32}},"1":{"start":{"line":6,"column":12},"end":{"line":6,"column":35}},"2":{"start":{"line":7,"column":17},"end":{"line":7,"column":36}},"3":{"start":{"line":8,"column":12},"end":{"line":8,"column":26}},"4":{"start":{"line":12,"column":19},"end":{"line":37,"column":2}},"5":{"start":{"line":42,"column":0},"end":{"line":46,"column":1}},"6":{"start":{"line":44,"column":18},"end":{"line":44,"column":95}},"7":{"start":{"line":45,"column":4},"end":{"line":45,"column":17}},"8":{"start":{"line":48,"column":13},"end":{"line":48,"column":47}},"9":{"start":{"line":52,"column":19},"end":{"line":56,"column":6}},"10":{"start":{"line":57,"column":4},"end":{"line":57,"column":33}},"11":{"start":{"line":60,"column":0},"end":{"line":60,"column":20}},"12":{"start":{"line":61,"column":0},"end":{"line":61,"column":32}}},"fnMap":{"0":{"name":"(anonymous_0)","decl":{"start":{"line":42,"column":39},"end":{"line":42,"column":40}},"loc":{"start":{"line":42,"column":50},"end":{"line":46,"column":1}},"line":42},"1":{"name":"validateUser","decl":{"start":{"line":51,"column":9},"end":{"line":51,"column":21}},"loc":{"start":{"line":51,"column":28},"end":{"line":58,"column":1}},"line":51}},"branchMap":{},"s":{"0":5,"1":5,"2":5,"3":5,"4":5,"5":5,"6":20,"7":20,"8":5,"9":0,"10":0,"11":5,"12":5},"f":{"0":20,"1":0},"b":{},"_coverageSchema":"332fd63041d2c1bcb487cc26dd0d5f7d97098a6c","hash":"4fe66f08fa0943f2b9d650499c262a60997a4b3b"}
,"C:\\ProgrammierProjeke\\vidly\\routes\\auth.js": {"path":"C:\\ProgrammierProjeke\\vidly\\routes\\auth.js","statementMap":{"0":{"start":{"line":2,"column":12},"end":{"line":2,"column":26}},"1":{"start":{"line":3,"column":15},"end":{"line":3,"column":32}},"2":{"start":{"line":4,"column":10},"end":{"line":4,"column":27}},"3":{"start":{"line":5,"column":17},"end":{"line":5,"column":36}},"4":{"start":{"line":6,"column":16},"end":{"line":6,"column":34}},"5":{"start":{"line":7,"column":15},"end":{"line":7,"column":40}},"6":{"start":{"line":8,"column":15},"end":{"line":8,"column":31}},"7":{"start":{"line":11,"column":0},"end":{"line":30,"column":3}},"8":{"start":{"line":13,"column":20},"end":{"line":13,"column":38}},"9":{"start":{"line":14,"column":4},"end":{"line":14,"column":69}},"10":{"start":{"line":14,"column":15},"end":{"line":14,"column":68}},"11":{"start":{"line":16,"column":15},"end":{"line":16,"column":58}},"12":{"start":{"line":17,"column":4},"end":{"line":29,"column":5}},"13":{"start":{"line":19,"column":8},"end":{"line":19,"column":67}},"14":{"start":{"line":22,"column":30},"end":{"line":22,"column":84}},"15":{"start":{"line":23,"column":8},"end":{"line":23,"column":87}},"16":{"start":{"line":23,"column":28},"end":{"line":23,"column":86}},"17":{"start":{"line":26,"column":22},"end":{"line":26,"column":46}},"18":{"start":{"line":28,"column":8},"end":{"line":28,"column":87}},"19":{"start":{"line":34,"column":19},"end":{"line":37,"column":6}},"20":{"start":{"line":38,"column":4},"end":{"line":38,"column":32}},"21":{"start":{"line":41,"column":0},"end":{"line":41,"column":24}}},"fnMap":{"0":{"name":"(anonymous_0)","decl":{"start":{"line":11,"column":17},"end":{"line":11,"column":18}},"loc":{"start":{"line":11,"column":37},"end":{"line":30,"column":1}},"line":11},"1":{"name":"validate","decl":{"start":{"line":33,"column":9},"end":{"line":33,"column":17}},"loc":{"start":{"line":33,"column":23},"end":{"line":39,"column":1}},"line":33}},"branchMap":{"0":{"loc":{"start":{"line":14,"column":4},"end":{"line":14,"column":69}},"type":"if","locations":[{"start":{"line":14,"column":4},"end":{"line":14,"column":69}},{"start":{"line":14,"column":4},"end":{"line":14,"column":69}}],"line":14},"1":{"loc":{"start":{"line":17,"column":4},"end":{"line":29,"column":5}},"type":"if","locations":[{"start":{"line":17,"column":4},"end":{"line":29,"column":5}},{"start":{"line":17,"column":4},"end":{"line":29,"column":5}}],"line":17},"2":{"loc":{"start":{"line":23,"column":8},"end":{"line":23,"column":87}},"type":"if","locations":[{"start":{"line":23,"column":8},"end":{"line":23,"column":87}},{"start":{"line":23,"column":8},"end":{"line":23,"column":87}}],"line":23}},"s":{"0":3,"1":3,"2":3,"3":3,"4":3,"5":3,"6":3,"7":3,"8":0,"9":0,"10":0,"11":0,"12":0,"13":0,"14":0,"15":0,"16":0,"17":0,"18":0,"19":0,"20":0,"21":3},"f":{"0":0,"1":0},"b":{"0":[0,0],"1":[0,0],"2":[0,0]},"_coverageSchema":"332fd63041d2c1bcb487cc26dd0d5f7d97098a6c","hash":"6a4ff40102c95a00556ca7d116496a1b7275096c"}
,"C:\\ProgrammierProjeke\\vidly\\routes\\customers.js": {"path":"C:\\ProgrammierProjeke\\vidly\\routes\\customers.js","statementMap":{"0":{"start":{"line":1,"column":17},"end":{"line":1,"column":36}},"1":{"start":{"line":2,"column":16},"end":{"line":2,"column":34}},"2":{"start":{"line":3,"column":15},"end":{"line":3,"column":31}},"3":{"start":{"line":4,"column":29},"end":{"line":4,"column":58}},"4":{"start":{"line":7,"column":0},"end":{"line":10,"column":3}},"5":{"start":{"line":8,"column":21},"end":{"line":8,"column":55}},"6":{"start":{"line":9,"column":4},"end":{"line":9,"column":23}},"7":{"start":{"line":13,"column":0},"end":{"line":28,"column":3}},"8":{"start":{"line":14,"column":23},"end":{"line":14,"column":41}},"9":{"start":{"line":15,"column":4},"end":{"line":18,"column":5}},"10":{"start":{"line":16,"column":8},"end":{"line":16,"column":66}},"11":{"start":{"line":17,"column":8},"end":{"line":17,"column":15}},"12":{"start":{"line":21,"column":21},"end":{"line":25,"column":6}},"13":{"start":{"line":26,"column":4},"end":{"line":26,"column":26}},"14":{"start":{"line":27,"column":4},"end":{"line":27,"column":23}},"15":{"start":{"line":31,"column":0},"end":{"line":45,"column":3}},"16":{"start":{"line":32,"column":22},"end":{"line":32,"column":40}},"17":{"start":{"line":33,"column":4},"end":{"line":33,"column":69}},"18":{"start":{"line":33,"column":15},"end":{"line":33,"column":69}},"19":{"start":{"line":35,"column":21},"end":{"line":41,"column":9}},"20":{"start":{"line":43,"column":4},"end":{"line":43,"column":96}},"21":{"start":{"line":43,"column":19},"end":{"line":43,"column":96}},"22":{"start":{"line":44,"column":4},"end":{"line":44,"column":23}},"23":{"start":{"line":48,"column":0},"end":{"line":54,"column":5}},"24":{"start":{"line":49,"column":21},"end":{"line":49,"column":68}},"25":{"start":{"line":51,"column":4},"end":{"line":51,"column":96}},"26":{"start":{"line":51,"column":19},"end":{"line":51,"column":96}},"27":{"start":{"line":53,"column":4},"end":{"line":53,"column":23}},"28":{"start":{"line":57,"column":0},"end":{"line":61,"column":3}},"29":{"start":{"line":58,"column":21},"end":{"line":58,"column":59}},"30":{"start":{"line":59,"column":4},"end":{"line":59,"column":93}},"31":{"start":{"line":59,"column":19},"end":{"line":59,"column":93}},"32":{"start":{"line":60,"column":4},"end":{"line":60,"column":23}},"33":{"start":{"line":64,"column":0},"end":{"line":64,"column":24}}},"fnMap":{"0":{"name":"(anonymous_0)","decl":{"start":{"line":7,"column":16},"end":{"line":7,"column":17}},"loc":{"start":{"line":7,"column":36},"end":{"line":10,"column":1}},"line":7},"1":{"name":"(anonymous_1)","decl":{"start":{"line":13,"column":17},"end":{"line":13,"column":18}},"loc":{"start":{"line":13,"column":37},"end":{"line":28,"column":1}},"line":13},"2":{"name":"(anonymous_2)","decl":{"start":{"line":31,"column":19},"end":{"line":31,"column":20}},"loc":{"start":{"line":31,"column":39},"end":{"line":45,"column":1}},"line":31},"3":{"name":"(anonymous_3)","decl":{"start":{"line":48,"column":22},"end":{"line":48,"column":23}},"loc":{"start":{"line":48,"column":42},"end":{"line":54,"column":3}},"line":48},"4":{"name":"(anonymous_4)","decl":{"start":{"line":57,"column":19},"end":{"line":57,"column":20}},"loc":{"start":{"line":57,"column":39},"end":{"line":61,"column":1}},"line":57}},"branchMap":{"0":{"loc":{"start":{"line":15,"column":4},"end":{"line":18,"column":5}},"type":"if","locations":[{"start":{"line":15,"column":4},"end":{"line":18,"column":5}},{"start":{"line":15,"column":4},"end":{"line":18,"column":5}}],"line":15},"1":{"loc":{"start":{"line":33,"column":4},"end":{"line":33,"column":69}},"type":"if","locations":[{"start":{"line":33,"column":4},"end":{"line":33,"column":69}},{"start":{"line":33,"column":4},"end":{"line":33,"column":69}}],"line":33},"2":{"loc":{"start":{"line":43,"column":4},"end":{"line":43,"column":96}},"type":"if","locations":[{"start":{"line":43,"column":4},"end":{"line":43,"column":96}},{"start":{"line":43,"column":4},"end":{"line":43,"column":96}}],"line":43},"3":{"loc":{"start":{"line":51,"column":4},"end":{"line":51,"column":96}},"type":"if","locations":[{"start":{"line":51,"column":4},"end":{"line":51,"column":96}},{"start":{"line":51,"column":4},"end":{"line":51,"column":96}}],"line":51},"4":{"loc":{"start":{"line":59,"column":4},"end":{"line":59,"column":93}},"type":"if","locations":[{"start":{"line":59,"column":4},"end":{"line":59,"column":93}},{"start":{"line":59,"column":4},"end":{"line":59,"column":93}}],"line":59}},"s":{"0":3,"1":3,"2":3,"3":3,"4":3,"5":0,"6":0,"7":3,"8":0,"9":0,"10":0,"11":0,"12":0,"13":0,"14":0,"15":3,"16":0,"17":0,"18":0,"19":0,"20":0,"21":0,"22":0,"23":3,"24":0,"25":0,"26":0,"27":0,"28":3,"29":0,"30":0,"31":0,"32":0,"33":3},"f":{"0":0,"1":0,"2":0,"3":0,"4":0},"b":{"0":[0,0],"1":[0,0],"2":[0,0],"3":[0,0],"4":[0,0]},"_coverageSchema":"332fd63041d2c1bcb487cc26dd0d5f7d97098a6c","hash":"abf725c34add9ea480cfdb1ebfcc92427e6eefaa"}
,"C:\\ProgrammierProjeke\\vidly\\routes\\genres.js": {"path":"C:\\ProgrammierProjeke\\vidly\\routes\\genres.js","statementMap":{"0":{"start":{"line":1,"column":25},"end":{"line":1,"column":66}},"1":{"start":{"line":2,"column":14},"end":{"line":2,"column":44}},"2":{"start":{"line":3,"column":13},"end":{"line":3,"column":42}},"3":{"start":{"line":4,"column":17},"end":{"line":4,"column":36}},"4":{"start":{"line":5,"column":16},"end":{"line":5,"column":34}},"5":{"start":{"line":6,"column":26},"end":{"line":6,"column":52}},"6":{"start":{"line":7,"column":15},"end":{"line":7,"column":31}},"7":{"start":{"line":14,"column":0},"end":{"line":20,"column":3}},"8":{"start":{"line":18,"column":19},"end":{"line":18,"column":50}},"9":{"start":{"line":19,"column":4},"end":{"line":19,"column":21}},"10":{"start":{"line":24,"column":0},"end":{"line":35,"column":3}},"11":{"start":{"line":25,"column":23},"end":{"line":25,"column":41}},"12":{"start":{"line":26,"column":4},"end":{"line":29,"column":5}},"13":{"start":{"line":27,"column":8},"end":{"line":27,"column":66}},"14":{"start":{"line":28,"column":8},"end":{"line":28,"column":15}},"15":{"start":{"line":32,"column":18},"end":{"line":32,"column":50}},"16":{"start":{"line":33,"column":4},"end":{"line":33,"column":23}},"17":{"start":{"line":34,"column":4},"end":{"line":34,"column":20}},"18":{"start":{"line":38,"column":0},"end":{"line":47,"column":3}},"19":{"start":{"line":40,"column":22},"end":{"line":40,"column":40}},"20":{"start":{"line":41,"column":4},"end":{"line":41,"column":69}},"21":{"start":{"line":41,"column":15},"end":{"line":41,"column":69}},"22":{"start":{"line":44,"column":18},"end":{"line":44,"column":98}},"23":{"start":{"line":45,"column":4},"end":{"line":45,"column":90}},"24":{"start":{"line":45,"column":16},"end":{"line":45,"column":90}},"25":{"start":{"line":46,"column":4},"end":{"line":46,"column":20}},"26":{"start":{"line":49,"column":0},"end":{"line":55,"column":5}},"27":{"start":{"line":50,"column":18},"end":{"line":50,"column":62}},"28":{"start":{"line":52,"column":4},"end":{"line":52,"column":90}},"29":{"start":{"line":52,"column":16},"end":{"line":52,"column":90}},"30":{"start":{"line":54,"column":4},"end":{"line":54,"column":20}},"31":{"start":{"line":58,"column":0},"end":{"line":62,"column":3}},"32":{"start":{"line":59,"column":18},"end":{"line":59,"column":53}},"33":{"start":{"line":60,"column":4},"end":{"line":60,"column":90}},"34":{"start":{"line":60,"column":16},"end":{"line":60,"column":90}},"35":{"start":{"line":61,"column":4},"end":{"line":61,"column":20}},"36":{"start":{"line":64,"column":0},"end":{"line":64,"column":24}}},"fnMap":{"0":{"name":"(anonymous_0)","decl":{"start":{"line":14,"column":16},"end":{"line":14,"column":17}},"loc":{"start":{"line":14,"column":36},"end":{"line":20,"column":1}},"line":14},"1":{"name":"(anonymous_1)","decl":{"start":{"line":24,"column":23},"end":{"line":24,"column":24}},"loc":{"start":{"line":24,"column":43},"end":{"line":35,"column":1}},"line":24},"2":{"name":"(anonymous_2)","decl":{"start":{"line":38,"column":19},"end":{"line":38,"column":20}},"loc":{"start":{"line":38,"column":39},"end":{"line":47,"column":1}},"line":38},"3":{"name":"(anonymous_3)","decl":{"start":{"line":49,"column":36},"end":{"line":49,"column":37}},"loc":{"start":{"line":49,"column":56},"end":{"line":55,"column":3}},"line":49},"4":{"name":"(anonymous_4)","decl":{"start":{"line":58,"column":37},"end":{"line":58,"column":38}},"loc":{"start":{"line":58,"column":57},"end":{"line":62,"column":1}},"line":58}},"branchMap":{"0":{"loc":{"start":{"line":26,"column":4},"end":{"line":29,"column":5}},"type":"if","locations":[{"start":{"line":26,"column":4},"end":{"line":29,"column":5}},{"start":{"line":26,"column":4},"end":{"line":29,"column":5}}],"line":26},"1":{"loc":{"start":{"line":41,"column":4},"end":{"line":41,"column":69}},"type":"if","locations":[{"start":{"line":41,"column":4},"end":{"line":41,"column":69}},{"start":{"line":41,"column":4},"end":{"line":41,"column":69}}],"line":41},"2":{"loc":{"start":{"line":45,"column":4},"end":{"line":45,"column":90}},"type":"if","locations":[{"start":{"line":45,"column":4},"end":{"line":45,"column":90}},{"start":{"line":45,"column":4},"end":{"line":45,"column":90}}],"line":45},"3":{"loc":{"start":{"line":52,"column":4},"end":{"line":52,"column":90}},"type":"if","locations":[{"start":{"line":52,"column":4},"end":{"line":52,"column":90}},{"start":{"line":52,"column":4},"end":{"line":52,"column":90}}],"line":52},"4":{"loc":{"start":{"line":60,"column":4},"end":{"line":60,"column":90}},"type":"if","locations":[{"start":{"line":60,"column":4},"end":{"line":60,"column":90}},{"start":{"line":60,"column":4},"end":{"line":60,"column":90}}],"line":60}},"s":{"0":3,"1":3,"2":3,"3":3,"4":3,"5":3,"6":3,"7":3,"8":1,"9":1,"10":3,"11":5,"12":5,"13":2,"14":2,"15":3,"16":3,"17":3,"18":3,"19":0,"20":0,"21":0,"22":0,"23":0,"24":0,"25":0,"26":3,"27":0,"28":0,"29":0,"30":0,"31":3,"32":2,"33":2,"34":1,"35":1,"36":3},"f":{"0":1,"1":5,"2":0,"3":0,"4":2},"b":{"0":[2,3],"1":[0,0],"2":[0,0],"3":[0,0],"4":[1,1]},"_coverageSchema":"332fd63041d2c1bcb487cc26dd0d5f7d97098a6c","hash":"c17821a88ec242370a87b0364f7b1d0fdc409adc"}
,"C:\\ProgrammierProjeke\\vidly\\routes\\home.js": {"path":"C:\\ProgrammierProjeke\\vidly\\routes\\home.js","statementMap":{"0":{"start":{"line":1,"column":16},"end":{"line":1,"column":34}},"1":{"start":{"line":2,"column":15},"end":{"line":2,"column":31}},"2":{"start":{"line":5,"column":0},"end":{"line":7,"column":3}},"3":{"start":{"line":6,"column":4},"end":{"line":6,"column":73}},"4":{"start":{"line":9,"column":0},"end":{"line":9,"column":24}}},"fnMap":{"0":{"name":"(anonymous_0)","decl":{"start":{"line":5,"column":16},"end":{"line":5,"column":17}},"loc":{"start":{"line":5,"column":30},"end":{"line":7,"column":1}},"line":5}},"branchMap":{},"s":{"0":3,"1":3,"2":3,"3":0,"4":3},"f":{"0":0},"b":{},"_coverageSchema":"332fd63041d2c1bcb487cc26dd0d5f7d97098a6c","hash":"30c7482026c5d857c2b316e4ffd9f47a006e4d57"}
,"C:\\ProgrammierProjeke\\vidly\\routes\\movies.js": {"path":"C:\\ProgrammierProjeke\\vidly\\routes\\movies.js","statementMap":{"0":{"start":{"line":1,"column":26},"end":{"line":1,"column":52}},"1":{"start":{"line":2,"column":16},"end":{"line":2,"column":42}},"2":{"start":{"line":3,"column":17},"end":{"line":3,"column":36}},"3":{"start":{"line":4,"column":16},"end":{"line":4,"column":34}},"4":{"start":{"line":5,"column":15},"end":{"line":5,"column":31}},"5":{"start":{"line":7,"column":0},"end":{"line":10,"column":3}},"6":{"start":{"line":8,"column":17},"end":{"line":8,"column":48}},"7":{"start":{"line":9,"column":2},"end":{"line":9,"column":19}},"8":{"start":{"line":12,"column":0},"end":{"line":31,"column":3}},"9":{"start":{"line":13,"column":20},"end":{"line":13,"column":38}},"10":{"start":{"line":14,"column":2},"end":{"line":14,"column":67}},"11":{"start":{"line":14,"column":13},"end":{"line":14,"column":67}},"12":{"start":{"line":16,"column":16},"end":{"line":16,"column":54}},"13":{"start":{"line":17,"column":2},"end":{"line":17,"column":60}},"14":{"start":{"line":17,"column":14},"end":{"line":17,"column":60}},"15":{"start":{"line":19,"column":16},"end":{"line":27,"column":4}},"16":{"start":{"line":28,"column":2},"end":{"line":28,"column":21}},"17":{"start":{"line":30,"column":2},"end":{"line":30,"column":18}},"18":{"start":{"line":33,"column":0},"end":{"line":54,"column":3}},"19":{"start":{"line":34,"column":20},"end":{"line":34,"column":38}},"20":{"start":{"line":35,"column":2},"end":{"line":35,"column":67}},"21":{"start":{"line":35,"column":13},"end":{"line":35,"column":67}},"22":{"start":{"line":37,"column":16},"end":{"line":37,"column":54}},"23":{"start":{"line":38,"column":2},"end":{"line":38,"column":60}},"24":{"start":{"line":38,"column":14},"end":{"line":38,"column":60}},"25":{"start":{"line":40,"column":16},"end":{"line":49,"column":21}},"26":{"start":{"line":51,"column":2},"end":{"line":51,"column":88}},"27":{"start":{"line":51,"column":14},"end":{"line":51,"column":88}},"28":{"start":{"line":53,"column":2},"end":{"line":53,"column":18}},"29":{"start":{"line":56,"column":0},"end":{"line":62,"column":3}},"30":{"start":{"line":57,"column":16},"end":{"line":57,"column":60}},"31":{"start":{"line":59,"column":2},"end":{"line":59,"column":88}},"32":{"start":{"line":59,"column":14},"end":{"line":59,"column":88}},"33":{"start":{"line":61,"column":2},"end":{"line":61,"column":18}},"34":{"start":{"line":64,"column":0},"end":{"line":70,"column":3}},"35":{"start":{"line":65,"column":16},"end":{"line":65,"column":51}},"36":{"start":{"line":67,"column":2},"end":{"line":67,"column":88}},"37":{"start":{"line":67,"column":14},"end":{"line":67,"column":88}},"38":{"start":{"line":69,"column":2},"end":{"line":69,"column":18}},"39":{"start":{"line":72,"column":0},"end":{"line":72,"column":24}}},"fnMap":{"0":{"name":"(anonymous_0)","decl":{"start":{"line":7,"column":16},"end":{"line":7,"column":17}},"loc":{"start":{"line":7,"column":36},"end":{"line":10,"column":1}},"line":7},"1":{"name":"(anonymous_1)","decl":{"start":{"line":12,"column":17},"end":{"line":12,"column":18}},"loc":{"start":{"line":12,"column":37},"end":{"line":31,"column":1}},"line":12},"2":{"name":"(anonymous_2)","decl":{"start":{"line":33,"column":19},"end":{"line":33,"column":20}},"loc":{"start":{"line":33,"column":39},"end":{"line":54,"column":1}},"line":33},"3":{"name":"(anonymous_3)","decl":{"start":{"line":56,"column":22},"end":{"line":56,"column":23}},"loc":{"start":{"line":56,"column":42},"end":{"line":62,"column":1}},"line":56},"4":{"name":"(anonymous_4)","decl":{"start":{"line":64,"column":19},"end":{"line":64,"column":20}},"loc":{"start":{"line":64,"column":39},"end":{"line":70,"column":1}},"line":64}},"branchMap":{"0":{"loc":{"start":{"line":14,"column":2},"end":{"line":14,"column":67}},"type":"if","locations":[{"start":{"line":14,"column":2},"end":{"line":14,"column":67}},{"start":{"line":14,"column":2},"end":{"line":14,"column":67}}],"line":14},"1":{"loc":{"start":{"line":17,"column":2},"end":{"line":17,"column":60}},"type":"if","locations":[{"start":{"line":17,"column":2},"end":{"line":17,"column":60}},{"start":{"line":17,"column":2},"end":{"line":17,"column":60}}],"line":17},"2":{"loc":{"start":{"line":35,"column":2},"end":{"line":35,"column":67}},"type":"if","locations":[{"start":{"line":35,"column":2},"end":{"line":35,"column":67}},{"start":{"line":35,"column":2},"end":{"line":35,"column":67}}],"line":35},"3":{"loc":{"start":{"line":38,"column":2},"end":{"line":38,"column":60}},"type":"if","locations":[{"start":{"line":38,"column":2},"end":{"line":38,"column":60}},{"start":{"line":38,"column":2},"end":{"line":38,"column":60}}],"line":38},"4":{"loc":{"start":{"line":51,"column":2},"end":{"line":51,"column":88}},"type":"if","locations":[{"start":{"line":51,"column":2},"end":{"line":51,"column":88}},{"start":{"line":51,"column":2},"end":{"line":51,"column":88}}],"line":51},"5":{"loc":{"start":{"line":59,"column":2},"end":{"line":59,"column":88}},"type":"if","locations":[{"start":{"line":59,"column":2},"end":{"line":59,"column":88}},{"start":{"line":59,"column":2},"end":{"line":59,"column":88}}],"line":59},"6":{"loc":{"start":{"line":67,"column":2},"end":{"line":67,"column":88}},"type":"if","locations":[{"start":{"line":67,"column":2},"end":{"line":67,"column":88}},{"start":{"line":67,"column":2},"end":{"line":67,"column":88}}],"line":67}},"s":{"0":3,"1":3,"2":3,"3":3,"4":3,"5":3,"6":0,"7":0,"8":3,"9":0,"10":0,"11":0,"12":0,"13":0,"14":0,"15":0,"16":0,"17":0,"18":3,"19":0,"20":0,"21":0,"22":0,"23":0,"24":0,"25":0,"26":0,"27":0,"28":0,"29":3,"30":0,"31":0,"32":0,"33":0,"34":3,"35":0,"36":0,"37":0,"38":0,"39":3},"f":{"0":0,"1":0,"2":0,"3":0,"4":0},"b":{"0":[0,0],"1":[0,0],"2":[0,0],"3":[0,0],"4":[0,0],"5":[0,0],"6":[0,0]},"_coverageSchema":"332fd63041d2c1bcb487cc26dd0d5f7d97098a6c","hash":"12d222b724549bf97b0f23871a7a0742b816fe48"}
,"C:\\ProgrammierProjeke\\vidly\\routes\\rentals.js": {"path":"C:\\ProgrammierProjeke\\vidly\\routes\\rentals.js","statementMap":{"0":{"start":{"line":1,"column":27},"end":{"line":1,"column":54}},"1":{"start":{"line":2,"column":16},"end":{"line":2,"column":42}},"2":{"start":{"line":3,"column":19},"end":{"line":3,"column":48}},"3":{"start":{"line":4,"column":17},"end":{"line":4,"column":36}},"4":{"start":{"line":5,"column":16},"end":{"line":5,"column":34}},"5":{"start":{"line":6,"column":15},"end":{"line":6,"column":31}},"6":{"start":{"line":7,"column":13},"end":{"line":7,"column":28}},"7":{"start":{"line":9,"column":0},"end":{"line":9,"column":20}},"8":{"start":{"line":11,"column":0},"end":{"line":14,"column":3}},"9":{"start":{"line":12,"column":18},"end":{"line":12,"column":54}},"10":{"start":{"line":13,"column":2},"end":{"line":13,"column":20}},"11":{"start":{"line":16,"column":0},"end":{"line":55,"column":3}},"12":{"start":{"line":17,"column":20},"end":{"line":17,"column":38}},"13":{"start":{"line":18,"column":2},"end":{"line":18,"column":67}},"14":{"start":{"line":18,"column":13},"end":{"line":18,"column":67}},"15":{"start":{"line":20,"column":19},"end":{"line":20,"column":63}},"16":{"start":{"line":21,"column":2},"end":{"line":21,"column":66}},"17":{"start":{"line":21,"column":17},"end":{"line":21,"column":66}},"18":{"start":{"line":23,"column":16},"end":{"line":23,"column":54}},"19":{"start":{"line":24,"column":2},"end":{"line":24,"column":60}},"20":{"start":{"line":24,"column":14},"end":{"line":24,"column":60}},"21":{"start":{"line":26,"column":2},"end":{"line":26,"column":84}},"22":{"start":{"line":26,"column":33},"end":{"line":26,"column":84}},"23":{"start":{"line":28,"column":15},"end":{"line":39,"column":4}},"24":{"start":{"line":41,"column":2},"end":{"line":54,"column":3}},"25":{"start":{"line":46,"column":4},"end":{"line":49,"column":13}},"26":{"start":{"line":51,"column":4},"end":{"line":51,"column":21}},"27":{"start":{"line":53,"column":4},"end":{"line":53,"column":46}},"28":{"start":{"line":57,"column":0},"end":{"line":63,"column":3}},"29":{"start":{"line":58,"column":17},"end":{"line":58,"column":53}},"30":{"start":{"line":60,"column":2},"end":{"line":60,"column":90}},"31":{"start":{"line":60,"column":15},"end":{"line":60,"column":90}},"32":{"start":{"line":62,"column":2},"end":{"line":62,"column":19}},"33":{"start":{"line":65,"column":0},"end":{"line":65,"column":24}}},"fnMap":{"0":{"name":"(anonymous_0)","decl":{"start":{"line":11,"column":16},"end":{"line":11,"column":17}},"loc":{"start":{"line":11,"column":36},"end":{"line":14,"column":1}},"line":11},"1":{"name":"(anonymous_1)","decl":{"start":{"line":16,"column":17},"end":{"line":16,"column":18}},"loc":{"start":{"line":16,"column":37},"end":{"line":55,"column":1}},"line":16},"2":{"name":"(anonymous_2)","decl":{"start":{"line":57,"column":19},"end":{"line":57,"column":20}},"loc":{"start":{"line":57,"column":39},"end":{"line":63,"column":1}},"line":57}},"branchMap":{"0":{"loc":{"start":{"line":18,"column":2},"end":{"line":18,"column":67}},"type":"if","locations":[{"start":{"line":18,"column":2},"end":{"line":18,"column":67}},{"start":{"line":18,"column":2},"end":{"line":18,"column":67}}],"line":18},"1":{"loc":{"start":{"line":21,"column":2},"end":{"line":21,"column":66}},"type":"if","locations":[{"start":{"line":21,"column":2},"end":{"line":21,"column":66}},{"start":{"line":21,"column":2},"end":{"line":21,"column":66}}],"line":21},"2":{"loc":{"start":{"line":24,"column":2},"end":{"line":24,"column":60}},"type":"if","locations":[{"start":{"line":24,"column":2},"end":{"line":24,"column":60}},{"start":{"line":24,"column":2},"end":{"line":24,"column":60}}],"line":24},"3":{"loc":{"start":{"line":26,"column":2},"end":{"line":26,"column":84}},"type":"if","locations":[{"start":{"line":26,"column":2},"end":{"line":26,"column":84}},{"start":{"line":26,"column":2},"end":{"line":26,"column":84}}],"line":26},"4":{"loc":{"start":{"line":60,"column":2},"end":{"line":60,"column":90}},"type":"if","locations":[{"start":{"line":60,"column":2},"end":{"line":60,"column":90}},{"start":{"line":60,"column":2},"end":{"line":60,"column":90}}],"line":60}},"s":{"0":3,"1":3,"2":3,"3":3,"4":3,"5":3,"6":3,"7":3,"8":3,"9":0,"10":0,"11":3,"12":0,"13":0,"14":0,"15":0,"16":0,"17":0,"18":0,"19":0,"20":0,"21":0,"22":0,"23":0,"24":0,"25":0,"26":0,"27":0,"28":3,"29":0,"30":0,"31":0,"32":0,"33":3},"f":{"0":0,"1":0,"2":0},"b":{"0":[0,0],"1":[0,0],"2":[0,0],"3":[0,0],"4":[0,0]},"_coverageSchema":"332fd63041d2c1bcb487cc26dd0d5f7d97098a6c","hash":"2a78eb5bbec2904d0acfe8c5d4f786f4c61be1ab"}
,"C:\\ProgrammierProjeke\\vidly\\routes\\returns.js": {"path":"C:\\ProgrammierProjeke\\vidly\\routes\\returns.js","statementMap":{"0":{"start":{"line":2,"column":12},"end":{"line":2,"column":26}},"1":{"start":{"line":3,"column":17},"end":{"line":3,"column":50}},"2":{"start":{"line":4,"column":13},"end":{"line":4,"column":42}},"3":{"start":{"line":5,"column":17},"end":{"line":5,"column":44}},"4":{"start":{"line":6,"column":16},"end":{"line":6,"column":42}},"5":{"start":{"line":7,"column":16},"end":{"line":7,"column":34}},"6":{"start":{"line":8,"column":15},"end":{"line":8,"column":31}},"7":{"start":{"line":12,"column":0},"end":{"line":32,"column":3}},"8":{"start":{"line":16,"column":19},"end":{"line":16,"column":77}},"9":{"start":{"line":17,"column":4},"end":{"line":17,"column":65}},"10":{"start":{"line":17,"column":16},"end":{"line":17,"column":65}},"11":{"start":{"line":19,"column":4},"end":{"line":19,"column":85}},"12":{"start":{"line":19,"column":29},"end":{"line":19,"column":85}},"13":{"start":{"line":22,"column":4},"end":{"line":22,"column":20}},"14":{"start":{"line":24,"column":4},"end":{"line":24,"column":24}},"15":{"start":{"line":26,"column":4},"end":{"line":28,"column":7}},"16":{"start":{"line":30,"column":4},"end":{"line":30,"column":21}},"17":{"start":{"line":36,"column":19},"end":{"line":39,"column":6}},"18":{"start":{"line":40,"column":4},"end":{"line":40,"column":32}},"19":{"start":{"line":43,"column":0},"end":{"line":43,"column":24}}},"fnMap":{"0":{"name":"(anonymous_0)","decl":{"start":{"line":12,"column":51},"end":{"line":12,"column":52}},"loc":{"start":{"line":12,"column":71},"end":{"line":32,"column":1}},"line":12},"1":{"name":"validateReturn","decl":{"start":{"line":35,"column":9},"end":{"line":35,"column":23}},"loc":{"start":{"line":35,"column":29},"end":{"line":41,"column":1}},"line":35}},"branchMap":{"0":{"loc":{"start":{"line":17,"column":4},"end":{"line":17,"column":65}},"type":"if","locations":[{"start":{"line":17,"column":4},"end":{"line":17,"column":65}},{"start":{"line":17,"column":4},"end":{"line":17,"column":65}}],"line":17},"1":{"loc":{"start":{"line":19,"column":4},"end":{"line":19,"column":85}},"type":"if","locations":[{"start":{"line":19,"column":4},"end":{"line":19,"column":85}},{"start":{"line":19,"column":4},"end":{"line":19,"column":85}}],"line":19}},"s":{"0":3,"1":3,"2":3,"3":3,"4":3,"5":3,"6":3,"7":3,"8":7,"9":7,"10":1,"11":6,"12":1,"13":5,"14":5,"15":5,"16":5,"17":9,"18":9,"19":3},"f":{"0":7,"1":9},"b":{"0":[1,6],"1":[1,5]},"_coverageSchema":"332fd63041d2c1bcb487cc26dd0d5f7d97098a6c","hash":"380fc5f028dd74ee14eb3b0b90c8f5ccb423496b"}
,"C:\\ProgrammierProjeke\\vidly\\routes\\users.js": {"path":"C:\\ProgrammierProjeke\\vidly\\routes\\users.js","statementMap":{"0":{"start":{"line":1,"column":13},"end":{"line":1,"column":42}},"1":{"start":{"line":2,"column":15},"end":{"line":2,"column":32}},"2":{"start":{"line":3,"column":10},"end":{"line":3,"column":27}},"3":{"start":{"line":4,"column":17},"end":{"line":4,"column":36}},"4":{"start":{"line":5,"column":16},"end":{"line":5,"column":34}},"5":{"start":{"line":6,"column":25},"end":{"line":6,"column":50}},"6":{"start":{"line":7,"column":15},"end":{"line":7,"column":31}},"7":{"start":{"line":10,"column":0},"end":{"line":13,"column":3}},"8":{"start":{"line":11,"column":17},"end":{"line":11,"column":70}},"9":{"start":{"line":12,"column":4},"end":{"line":12,"column":19}},"10":{"start":{"line":16,"column":0},"end":{"line":37,"column":3}},"11":{"start":{"line":18,"column":23},"end":{"line":18,"column":41}},"12":{"start":{"line":19,"column":4},"end":{"line":19,"column":91}},"13":{"start":{"line":19,"column":26},"end":{"line":19,"column":90}},"14":{"start":{"line":21,"column":15},"end":{"line":21,"column":58}},"15":{"start":{"line":22,"column":4},"end":{"line":36,"column":5}},"16":{"start":{"line":24,"column":8},"end":{"line":24,"column":62}},"17":{"start":{"line":27,"column":8},"end":{"line":27,"column":73}},"18":{"start":{"line":29,"column":21},"end":{"line":29,"column":45}},"19":{"start":{"line":30,"column":8},"end":{"line":30,"column":63}},"20":{"start":{"line":31,"column":8},"end":{"line":31,"column":26}},"21":{"start":{"line":33,"column":22},"end":{"line":33,"column":46}},"22":{"start":{"line":35,"column":8},"end":{"line":35,"column":87}},"23":{"start":{"line":39,"column":0},"end":{"line":39,"column":24}}},"fnMap":{"0":{"name":"(anonymous_0)","decl":{"start":{"line":10,"column":24},"end":{"line":10,"column":25}},"loc":{"start":{"line":10,"column":44},"end":{"line":13,"column":1}},"line":10},"1":{"name":"(anonymous_1)","decl":{"start":{"line":16,"column":17},"end":{"line":16,"column":18}},"loc":{"start":{"line":16,"column":37},"end":{"line":37,"column":1}},"line":16}},"branchMap":{"0":{"loc":{"start":{"line":19,"column":4},"end":{"line":19,"column":91}},"type":"if","locations":[{"start":{"line":19,"column":4},"end":{"line":19,"column":91}},{"start":{"line":19,"column":4},"end":{"line":19,"column":91}}],"line":19},"1":{"loc":{"start":{"line":22,"column":4},"end":{"line":36,"column":5}},"type":"if","locations":[{"start":{"line":22,"column":4},"end":{"line":36,"column":5}},{"start":{"line":22,"column":4},"end":{"line":36,"column":5}}],"line":22}},"s":{"0":3,"1":3,"2":3,"3":3,"4":3,"5":3,"6":3,"7":3,"8":0,"9":0,"10":3,"11":0,"12":0,"13":0,"14":0,"15":0,"16":0,"17":0,"18":0,"19":0,"20":0,"21":0,"22":0,"23":3},"f":{"0":0,"1":0},"b":{"0":[0,0],"1":[0,0]},"_coverageSchema":"332fd63041d2c1bcb487cc26dd0d5f7d97098a6c","hash":"1d17552c52b98aab9e5521fd0fc3b1c51da771ef"}
,"C:\\ProgrammierProjeke\\vidly\\startup\\config.js": {"path":"C:\\ProgrammierProjeke\\vidly\\startup\\config.js","statementMap":{"0":{"start":{"line":1,"column":15},"end":{"line":1,"column":32}},"1":{"start":{"line":2,"column":15},"end":{"line":2,"column":33}},"2":{"start":{"line":4,"column":0},"end":{"line":38,"column":1}},"3":{"start":{"line":6,"column":4},"end":{"line":6,"column":56}},"4":{"start":{"line":7,"column":4},"end":{"line":15,"column":5}},"5":{"start":{"line":8,"column":8},"end":{"line":14,"column":9}},"6":{"start":{"line":9,"column":12},"end":{"line":9,"column":73}},"7":{"start":{"line":17,"column":4},"end":{"line":17,"column":55}},"8":{"start":{"line":18,"column":4},"end":{"line":18,"column":59}},"9":{"start":{"line":19,"column":4},"end":{"line":19,"column":59}},"10":{"start":{"line":33,"column":4},"end":{"line":37,"column":5}},"11":{"start":{"line":34,"column":8},"end":{"line":34,"column":32}},"12":{"start":{"line":35,"column":8},"end":{"line":35,"column":41}}},"fnMap":{"0":{"name":"(anonymous_0)","decl":{"start":{"line":4,"column":17},"end":{"line":4,"column":18}},"loc":{"start":{"line":4,"column":31},"end":{"line":38,"column":1}},"line":4}},"branchMap":{"0":{"loc":{"start":{"line":7,"column":4},"end":{"line":15,"column":5}},"type":"if","locations":[{"start":{"line":7,"column":4},"end":{"line":15,"column":5}},{"start":{"line":7,"column":4},"end":{"line":15,"column":5}}],"line":7},"1":{"loc":{"start":{"line":8,"column":8},"end":{"line":14,"column":9}},"type":"if","locations":[{"start":{"line":8,"column":8},"end":{"line":14,"column":9}},{"start":{"line":8,"column":8},"end":{"line":14,"column":9}}],"line":8},"2":{"loc":{"start":{"line":33,"column":4},"end":{"line":37,"column":5}},"type":"if","locations":[{"start":{"line":33,"column":4},"end":{"line":37,"column":5}},{"start":{"line":33,"column":4},"end":{"line":37,"column":5}}],"line":33}},"s":{"0":3,"1":3,"2":3,"3":3,"4":3,"5":3,"6":0,"7":3,"8":3,"9":3,"10":3,"11":0,"12":0},"f":{"0":3},"b":{"0":[3,0],"1":[0,3],"2":[0,3]},"_coverageSchema":"332fd63041d2c1bcb487cc26dd0d5f7d97098a6c","hash":"77b13a9006ef595ca86d8d088d8ef863a59aecb5"}
,"C:\\ProgrammierProjeke\\vidly\\startup\\db.js": {"path":"C:\\ProgrammierProjeke\\vidly\\startup\\db.js","statementMap":{"0":{"start":{"line":1,"column":16},"end":{"line":1,"column":34}},"1":{"start":{"line":2,"column":15},"end":{"line":2,"column":32}},"2":{"start":{"line":3,"column":17},"end":{"line":3,"column":36}},"3":{"start":{"line":4,"column":0},"end":{"line":4,"column":38}},"4":{"start":{"line":5,"column":0},"end":{"line":5,"column":41}},"5":{"start":{"line":6,"column":0},"end":{"line":6,"column":37}},"6":{"start":{"line":8,"column":0},"end":{"line":15,"column":1}},"7":{"start":{"line":10,"column":15},"end":{"line":10,"column":31}},"8":{"start":{"line":11,"column":4},"end":{"line":12,"column":59}},"9":{"start":{"line":12,"column":20},"end":{"line":12,"column":57}}},"fnMap":{"0":{"name":"(anonymous_0)","decl":{"start":{"line":8,"column":17},"end":{"line":8,"column":18}},"loc":{"start":{"line":8,"column":28},"end":{"line":15,"column":1}},"line":8},"1":{"name":"(anonymous_1)","decl":{"start":{"line":12,"column":14},"end":{"line":12,"column":15}},"loc":{"start":{"line":12,"column":20},"end":{"line":12,"column":57}},"line":12}},"branchMap":{},"s":{"0":3,"1":3,"2":3,"3":3,"4":3,"5":3,"6":3,"7":3,"8":3,"9":3},"f":{"0":3,"1":3},"b":{},"_coverageSchema":"332fd63041d2c1bcb487cc26dd0d5f7d97098a6c","hash":"46c4763f92c44f0dc4731622d0ebb0862e185a9c"}
,"C:\\ProgrammierProjeke\\vidly\\startup\\logging.js": {"path":"C:\\ProgrammierProjeke\\vidly\\startup\\logging.js","statementMap":{"0":{"start":{"line":3,"column":14},"end":{"line":3,"column":43}},"1":{"start":{"line":4,"column":14},"end":{"line":4,"column":32}},"2":{"start":{"line":5,"column":0},"end":{"line":5,"column":27}},"3":{"start":{"line":6,"column":0},"end":{"line":6,"column":32}},"4":{"start":{"line":8,"column":0},"end":{"line":48,"column":1}},"5":{"start":{"line":15,"column":0},"end":{"line":17,"column":71}},"6":{"start":{"line":22,"column":0},"end":{"line":24,"column":3}},"7":{"start":{"line":23,"column":4},"end":{"line":23,"column":14}},"8":{"start":{"line":37,"column":0},"end":{"line":37,"column":64}},"9":{"start":{"line":40,"column":0},"end":{"line":43,"column":2}},"10":{"start":{"line":46,"column":0},"end":{"line":46,"column":28}}},"fnMap":{"0":{"name":"(anonymous_0)","decl":{"start":{"line":8,"column":17},"end":{"line":8,"column":18}},"loc":{"start":{"line":8,"column":28},"end":{"line":48,"column":1}},"line":8},"1":{"name":"(anonymous_1)","decl":{"start":{"line":22,"column":33},"end":{"line":22,"column":34}},"loc":{"start":{"line":22,"column":40},"end":{"line":24,"column":1}},"line":22}},"branchMap":{},"s":{"0":3,"1":3,"2":3,"3":3,"4":3,"5":3,"6":3,"7":0,"8":3,"9":3,"10":3},"f":{"0":3,"1":0},"b":{},"_coverageSchema":"332fd63041d2c1bcb487cc26dd0d5f7d97098a6c","hash":"4ff1f5a07a8014bf123e40e99d5d99604a904373"}
,"C:\\ProgrammierProjeke\\vidly\\startup\\routes.js": {"path":"C:\\ProgrammierProjeke\\vidly\\startup\\routes.js","statementMap":{"0":{"start":{"line":1,"column":16},"end":{"line":1,"column":34}},"1":{"start":{"line":2,"column":15},"end":{"line":2,"column":42}},"2":{"start":{"line":3,"column":18},"end":{"line":3,"column":48}},"3":{"start":{"line":4,"column":13},"end":{"line":4,"column":38}},"4":{"start":{"line":5,"column":15},"end":{"line":5,"column":42}},"5":{"start":{"line":6,"column":16},"end":{"line":6,"column":44}},"6":{"start":{"line":7,"column":14},"end":{"line":7,"column":40}},"7":{"start":{"line":8,"column":13},"end":{"line":8,"column":38}},"8":{"start":{"line":9,"column":16},"end":{"line":9,"column":44}},"9":{"start":{"line":10,"column":14},"end":{"line":10,"column":44}},"10":{"start":{"line":11,"column":15},"end":{"line":11,"column":46}},"11":{"start":{"line":12,"column":15},"end":{"line":12,"column":33}},"12":{"start":{"line":15,"column":0},"end":{"line":32,"column":1}},"13":{"start":{"line":16,"column":4},"end":{"line":16,"column":28}},"14":{"start":{"line":17,"column":4},"end":{"line":17,"column":50}},"15":{"start":{"line":18,"column":4},"end":{"line":18,"column":38}},"16":{"start":{"line":19,"column":4},"end":{"line":19,"column":22}},"17":{"start":{"line":20,"column":4},"end":{"line":20,"column":20}},"18":{"start":{"line":22,"column":4},"end":{"line":22,"column":23}},"19":{"start":{"line":23,"column":4},"end":{"line":23,"column":35}},"20":{"start":{"line":24,"column":4},"end":{"line":24,"column":41}},"21":{"start":{"line":25,"column":4},"end":{"line":25,"column":35}},"22":{"start":{"line":26,"column":4},"end":{"line":26,"column":37}},"23":{"start":{"line":27,"column":4},"end":{"line":27,"column":33}},"24":{"start":{"line":28,"column":4},"end":{"line":28,"column":33}},"25":{"start":{"line":29,"column":4},"end":{"line":29,"column":31}},"26":{"start":{"line":30,"column":4},"end":{"line":30,"column":37}},"27":{"start":{"line":31,"column":4},"end":{"line":31,"column":19}}},"fnMap":{"0":{"name":"(anonymous_0)","decl":{"start":{"line":15,"column":17},"end":{"line":15,"column":18}},"loc":{"start":{"line":15,"column":31},"end":{"line":32,"column":1}},"line":15}},"branchMap":{},"s":{"0":3,"1":3,"2":3,"3":3,"4":3,"5":3,"6":3,"7":3,"8":3,"9":3,"10":3,"11":3,"12":3,"13":3,"14":3,"15":3,"16":3,"17":3,"18":3,"19":3,"20":3,"21":3,"22":3,"23":3,"24":3,"25":3,"26":3,"27":3},"f":{"0":3},"b":{},"_coverageSchema":"332fd63041d2c1bcb487cc26dd0d5f7d97098a6c","hash":"5ac08ccf5efc647d91136e4a956e30f6afbeb1be"}
,"C:\\ProgrammierProjeke\\vidly\\startup\\validation.js": {"path":"C:\\ProgrammierProjeke\\vidly\\startup\\validation.js","statementMap":{"0":{"start":{"line":1,"column":12},"end":{"line":1,"column":26}},"1":{"start":{"line":2,"column":0},"end":{"line":6,"column":1}},"2":{"start":{"line":4,"column":4},"end":{"line":4,"column":48}}},"fnMap":{"0":{"name":"(anonymous_0)","decl":{"start":{"line":2,"column":17},"end":{"line":2,"column":18}},"loc":{"start":{"line":2,"column":28},"end":{"line":6,"column":1}},"line":2}},"branchMap":{},"s":{"0":3,"1":3,"2":3},"f":{"0":3},"b":{},"_coverageSchema":"332fd63041d2c1bcb487cc26dd0d5f7d97098a6c","hash":"68ef1087b8e5055e9d96955af7a2f9645635cf50"}
,"C:\\ProgrammierProjeke\\vidly\\startup\\view.js": {"path":"C:\\ProgrammierProjeke\\vidly\\startup\\view.js","statementMap":{"0":{"start":{"line":1,"column":0},"end":{"line":5,"column":1}},"1":{"start":{"line":3,"column":4},"end":{"line":3,"column":34}},"2":{"start":{"line":4,"column":4},"end":{"line":4,"column":33}}},"fnMap":{"0":{"name":"(anonymous_0)","decl":{"start":{"line":1,"column":17},"end":{"line":1,"column":18}},"loc":{"start":{"line":1,"column":31},"end":{"line":5,"column":1}},"line":1}},"branchMap":{},"s":{"0":3,"1":3,"2":3},"f":{"0":3},"b":{},"_coverageSchema":"332fd63041d2c1bcb487cc26dd0d5f7d97098a6c","hash":"0d299b7a1d8c6969c7ce45a2f8e9aac303a4c405"}
}
