TN:
SF:C:\ProgrammierProjeke\vidly\index.js
FN:18,(anonymous_0)
FNF:1
FNH:1
FNDA:3,(anonymous_0)
DA:1,3
DA:2,3
DA:5,3
DA:7,3
DA:8,3
DA:9,3
DA:10,3
DA:11,3
DA:12,3
DA:17,3
DA:18,3
DA:20,3
LF:12
LH:12
BRDA:17,0,0,3
BRDA:17,0,1,3
BRF:2
BRH:2
end_of_record
TN:
SF:C:\ProgrammierProjeke\vidly\middleware\admin.js
FN:1,(anonymous_0)
FNF:1
FNH:0
FNDA:0,(anonymous_0)
DA:1,3
DA:3,0
DA:4,0
LF:3
LH:1
BRDA:3,0,0,0
BRDA:3,0,1,0
BRF:2
BRH:0
end_of_record
TN:
SF:C:\ProgrammierProjeke\vidly\middleware\auth.js
FN:7,auth
FNF:1
FNH:1
FNDA:19,auth
DA:4,4
DA:5,4
DA:7,4
DA:9,19
DA:11,19
DA:12,16
DA:14,16
DA:16,15
DA:17,15
DA:20,1
LF:10
LH:10
BRDA:11,0,0,3
BRDA:11,0,1,16
BRF:2
BRH:2
end_of_record
TN:
SF:C:\ProgrammierProjeke\vidly\middleware\error.js
FN:4,(anonymous_0)
FNF:1
FNH:0
FNDA:0,(anonymous_0)
DA:2,3
DA:4,3
DA:6,0
DA:8,0
LF:4
LH:2
BRF:0
BRH:0
end_of_record
TN:
SF:C:\ProgrammierProjeke\vidly\middleware\logger.js
FN:3,log
FNF:1
FNH:1
FNDA:22,log
DA:4,22
DA:5,22
DA:7,3
LF:3
LH:3
BRF:0
BRH:0
end_of_record
TN:
SF:C:\ProgrammierProjeke\vidly\middleware\validate.js
FN:2,(anonymous_0)
FN:3,(anonymous_1)
FNF:2
FNH:2
FNDA:3,(anonymous_0)
FNDA:9,(anonymous_1)
DA:2,3
DA:3,3
DA:4,9
DA:5,9
DA:6,7
LF:5
LH:5
BRDA:5,0,0,2
BRDA:5,0,1,7
BRF:2
BRH:2
end_of_record
TN:
SF:C:\ProgrammierProjeke\vidly\middleware\validateObjectId.js
FN:4,(anonymous_0)
FNF:1
FNH:1
FNDA:3,(anonymous_0)
DA:2,3
DA:4,3
DA:5,3
DA:6,1
DA:8,2
LF:5
LH:5
BRDA:5,0,0,1
BRDA:5,0,1,2
BRF:2
BRH:2
end_of_record
TN:
SF:C:\ProgrammierProjeke\vidly\models\customer.js
FN:28,validateCustomer
FNF:1
FNH:0
FNDA:0,validateCustomer
DA:4,3
DA:5,3
DA:8,3
DA:29,0
DA:34,0
DA:37,3
DA:38,3
LF:7
LH:5
BRF:0
BRH:0
end_of_record
TN:
SF:C:\ProgrammierProjeke\vidly\models\genre.js
FN:21,validateGenre
FNF:1
FNH:1
FNDA:5,validateGenre
DA:5,3
DA:6,3
DA:8,3
DA:18,3
DA:22,5
DA:25,5
DA:28,3
DA:29,3
DA:30,3
LF:9
LH:9
BRF:0
BRH:0
end_of_record
TN:
SF:C:\ProgrammierProjeke\vidly\models\movie.js
FN:31,validateMovie
FNF:1
FNH:0
FNDA:0,validateMovie
DA:1,3
DA:2,3
DA:3,3
DA:5,3
DA:32,0
DA:39,0
DA:42,3
DA:43,3
LF:8
LH:6
BRF:0
BRH:0
end_of_record
TN:
SF:C:\ProgrammierProjeke\vidly\models\rental.js
FN:60,(anonymous_0)
FN:67,(anonymous_1)
FN:78,validateRental
FNF:3
FNH:2
FNDA:7,(anonymous_0)
FNDA:5,(anonymous_1)
FNDA:0,validateRental
DA:1,3
DA:2,3
DA:3,3
DA:5,3
DA:60,3
DA:61,7
DA:67,3
DA:69,5
DA:72,5
DA:73,5
DA:76,3
DA:79,0
DA:84,0
DA:87,3
DA:88,3
LF:15
LH:13
BRF:0
BRH:0
end_of_record
TN:
SF:C:\ProgrammierProjeke\vidly\models\user.js
FN:42,(anonymous_0)
FN:51,validateUser
FNF:2
FNH:1
FNDA:20,(anonymous_0)
FNDA:0,validateUser
DA:5,5
DA:6,5
DA:7,5
DA:8,5
DA:12,5
DA:42,5
DA:44,20
DA:45,20
DA:48,5
DA:52,0
DA:57,0
DA:60,5
DA:61,5
LF:13
LH:11
BRF:0
BRH:0
end_of_record
TN:
SF:C:\ProgrammierProjeke\vidly\routes\auth.js
FN:11,(anonymous_0)
FN:33,validate
FNF:2
FNH:0
FNDA:0,(anonymous_0)
FNDA:0,validate
DA:2,3
DA:3,3
DA:4,3
DA:5,3
DA:6,3
DA:7,3
DA:8,3
DA:11,3
DA:13,0
DA:14,0
DA:16,0
DA:17,0
DA:19,0
DA:22,0
DA:23,0
DA:26,0
DA:28,0
DA:34,0
DA:38,0
DA:41,3
LF:20
LH:9
BRDA:14,0,0,0
BRDA:14,0,1,0
BRDA:17,1,0,0
BRDA:17,1,1,0
BRDA:23,2,0,0
BRDA:23,2,1,0
BRF:6
BRH:0
end_of_record
TN:
SF:C:\ProgrammierProjeke\vidly\routes\customers.js
FN:7,(anonymous_0)
FN:13,(anonymous_1)
FN:31,(anonymous_2)
FN:48,(anonymous_3)
FN:57,(anonymous_4)
FNF:5
FNH:0
FNDA:0,(anonymous_0)
FNDA:0,(anonymous_1)
FNDA:0,(anonymous_2)
FNDA:0,(anonymous_3)
FNDA:0,(anonymous_4)
DA:1,3
DA:2,3
DA:3,3
DA:4,3
DA:7,3
DA:8,0
DA:9,0
DA:13,3
DA:14,0
DA:15,0
DA:16,0
DA:17,0
DA:21,0
DA:26,0
DA:27,0
DA:31,3
DA:32,0
DA:33,0
DA:35,0
DA:43,0
DA:44,0
DA:48,3
DA:49,0
DA:51,0
DA:53,0
DA:57,3
DA:58,0
DA:59,0
DA:60,0
DA:64,3
LF:30
LH:10
BRDA:15,0,0,0
BRDA:15,0,1,0
BRDA:33,1,0,0
BRDA:33,1,1,0
BRDA:43,2,0,0
BRDA:43,2,1,0
BRDA:51,3,0,0
BRDA:51,3,1,0
BRDA:59,4,0,0
BRDA:59,4,1,0
BRF:10
BRH:0
end_of_record
TN:
SF:C:\ProgrammierProjeke\vidly\routes\genres.js
FN:14,(anonymous_0)
FN:24,(anonymous_1)
FN:38,(anonymous_2)
FN:49,(anonymous_3)
FN:58,(anonymous_4)
FNF:5
FNH:3
FNDA:1,(anonymous_0)
FNDA:5,(anonymous_1)
FNDA:0,(anonymous_2)
FNDA:0,(anonymous_3)
FNDA:2,(anonymous_4)
DA:1,3
DA:2,3
DA:3,3
DA:4,3
DA:5,3
DA:6,3
DA:7,3
DA:14,3
DA:18,1
DA:19,1
DA:24,3
DA:25,5
DA:26,5
DA:27,2
DA:28,2
DA:32,3
DA:33,3
DA:34,3
DA:38,3
DA:40,0
DA:41,0
DA:44,0
DA:45,0
DA:46,0
DA:49,3
DA:50,0
DA:52,0
DA:54,0
DA:58,3
DA:59,2
DA:60,2
DA:61,1
DA:64,3
LF:33
LH:25
BRDA:26,0,0,2
BRDA:26,0,1,3
BRDA:41,1,0,0
BRDA:41,1,1,0
BRDA:45,2,0,0
BRDA:45,2,1,0
BRDA:52,3,0,0
BRDA:52,3,1,0
BRDA:60,4,0,1
BRDA:60,4,1,1
BRF:10
BRH:4
end_of_record
TN:
SF:C:\ProgrammierProjeke\vidly\routes\home.js
FN:5,(anonymous_0)
FNF:1
FNH:0
FNDA:0,(anonymous_0)
DA:1,3
DA:2,3
DA:5,3
DA:6,0
DA:9,3
LF:5
LH:4
BRF:0
BRH:0
end_of_record
TN:
SF:C:\ProgrammierProjeke\vidly\routes\movies.js
FN:7,(anonymous_0)
FN:12,(anonymous_1)
FN:33,(anonymous_2)
FN:56,(anonymous_3)
FN:64,(anonymous_4)
FNF:5
FNH:0
FNDA:0,(anonymous_0)
FNDA:0,(anonymous_1)
FNDA:0,(anonymous_2)
FNDA:0,(anonymous_3)
FNDA:0,(anonymous_4)
DA:1,3
DA:2,3
DA:3,3
DA:4,3
DA:5,3
DA:7,3
DA:8,0
DA:9,0
DA:12,3
DA:13,0
DA:14,0
DA:16,0
DA:17,0
DA:19,0
DA:28,0
DA:30,0
DA:33,3
DA:34,0
DA:35,0
DA:37,0
DA:38,0
DA:40,0
DA:51,0
DA:53,0
DA:56,3
DA:57,0
DA:59,0
DA:61,0
DA:64,3
DA:65,0
DA:67,0
DA:69,0
DA:72,3
LF:33
LH:11
BRDA:14,0,0,0
BRDA:14,0,1,0
BRDA:17,1,0,0
BRDA:17,1,1,0
BRDA:35,2,0,0
BRDA:35,2,1,0
BRDA:38,3,0,0
BRDA:38,3,1,0
BRDA:51,4,0,0
BRDA:51,4,1,0
BRDA:59,5,0,0
BRDA:59,5,1,0
BRDA:67,6,0,0
BRDA:67,6,1,0
BRF:14
BRH:0
end_of_record
TN:
SF:C:\ProgrammierProjeke\vidly\routes\rentals.js
FN:11,(anonymous_0)
FN:16,(anonymous_1)
FN:57,(anonymous_2)
FNF:3
FNH:0
FNDA:0,(anonymous_0)
FNDA:0,(anonymous_1)
FNDA:0,(anonymous_2)
DA:1,3
DA:2,3
DA:3,3
DA:4,3
DA:5,3
DA:6,3
DA:7,3
DA:9,3
DA:11,3
DA:12,0
DA:13,0
DA:16,3
DA:17,0
DA:18,0
DA:20,0
DA:21,0
DA:23,0
DA:24,0
DA:26,0
DA:28,0
DA:41,0
DA:46,0
DA:51,0
DA:53,0
DA:57,3
DA:58,0
DA:60,0
DA:62,0
DA:65,3
LF:29
LH:12
BRDA:18,0,0,0
BRDA:18,0,1,0
BRDA:21,1,0,0
BRDA:21,1,1,0
BRDA:24,2,0,0
BRDA:24,2,1,0
BRDA:26,3,0,0
BRDA:26,3,1,0
BRDA:60,4,0,0
BRDA:60,4,1,0
BRF:10
BRH:0
end_of_record
TN:
SF:C:\ProgrammierProjeke\vidly\routes\returns.js
FN:12,(anonymous_0)
FN:35,validateReturn
FNF:2
FNH:2
FNDA:7,(anonymous_0)
FNDA:9,validateReturn
DA:2,3
DA:3,3
DA:4,3
DA:5,3
DA:6,3
DA:7,3
DA:8,3
DA:12,3
DA:16,7
DA:17,7
DA:19,6
DA:22,5
DA:24,5
DA:26,5
DA:30,5
DA:36,9
DA:40,9
DA:43,3
LF:18
LH:18
BRDA:17,0,0,1
BRDA:17,0,1,6
BRDA:19,1,0,1
BRDA:19,1,1,5
BRF:4
BRH:4
end_of_record
TN:
SF:C:\ProgrammierProjeke\vidly\routes\users.js
FN:10,(anonymous_0)
FN:16,(anonymous_1)
FNF:2
FNH:0
FNDA:0,(anonymous_0)
FNDA:0,(anonymous_1)
DA:1,3
DA:2,3
DA:3,3
DA:4,3
DA:5,3
DA:6,3
DA:7,3
DA:10,3
DA:11,0
DA:12,0
DA:16,3
DA:18,0
DA:19,0
DA:21,0
DA:22,0
DA:24,0
DA:27,0
DA:29,0
DA:30,0
DA:31,0
DA:33,0
DA:35,0
DA:39,3
LF:23
LH:10
BRDA:19,0,0,0
BRDA:19,0,1,0
BRDA:22,1,0,0
BRDA:22,1,1,0
BRF:4
BRH:0
end_of_record
TN:
SF:C:\ProgrammierProjeke\vidly\startup\config.js
FN:4,(anonymous_0)
FNF:1
FNH:1
FNDA:3,(anonymous_0)
DA:1,3
DA:2,3
DA:4,3
DA:6,3
DA:7,3
DA:8,3
DA:9,0
DA:17,3
DA:18,3
DA:19,3
DA:33,3
DA:34,0
DA:35,0
LF:13
LH:10
BRDA:7,0,0,3
BRDA:7,0,1,0
BRDA:8,1,0,0
BRDA:8,1,1,3
BRDA:33,2,0,0
BRDA:33,2,1,3
BRF:6
BRH:3
end_of_record
TN:
SF:C:\ProgrammierProjeke\vidly\startup\db.js
FN:8,(anonymous_0)
FN:12,(anonymous_1)
FNF:2
FNH:2
FNDA:3,(anonymous_0)
FNDA:3,(anonymous_1)
DA:1,3
DA:2,3
DA:3,3
DA:4,3
DA:5,3
DA:6,3
DA:8,3
DA:10,3
DA:11,3
DA:12,3
LF:10
LH:10
BRF:0
BRH:0
end_of_record
TN:
SF:C:\ProgrammierProjeke\vidly\startup\logging.js
FN:8,(anonymous_0)
FN:22,(anonymous_1)
FNF:2
FNH:1
FNDA:3,(anonymous_0)
FNDA:0,(anonymous_1)
DA:3,3
DA:4,3
DA:5,3
DA:6,3
DA:8,3
DA:15,3
DA:22,3
DA:23,0
DA:37,3
DA:40,3
DA:46,3
LF:11
LH:10
BRF:0
BRH:0
end_of_record
TN:
SF:C:\ProgrammierProjeke\vidly\startup\routes.js
FN:15,(anonymous_0)
FNF:1
FNH:1
FNDA:3,(anonymous_0)
DA:1,3
DA:2,3
DA:3,3
DA:4,3
DA:5,3
DA:6,3
DA:7,3
DA:8,3
DA:9,3
DA:10,3
DA:11,3
DA:12,3
DA:15,3
DA:16,3
DA:17,3
DA:18,3
DA:19,3
DA:20,3
DA:22,3
DA:23,3
DA:24,3
DA:25,3
DA:26,3
DA:27,3
DA:28,3
DA:29,3
DA:30,3
DA:31,3
LF:28
LH:28
BRF:0
BRH:0
end_of_record
TN:
SF:C:\ProgrammierProjeke\vidly\startup\validation.js
FN:2,(anonymous_0)
FNF:1
FNH:1
FNDA:3,(anonymous_0)
DA:1,3
DA:2,3
DA:4,3
LF:3
LH:3
BRF:0
BRH:0
end_of_record
TN:
SF:C:\ProgrammierProjeke\vidly\startup\view.js
FN:1,(anonymous_0)
FNF:1
FNH:1
FNDA:3,(anonymous_0)
DA:1,3
DA:3,3
DA:4,3
LF:3
LH:3
BRF:0
BRH:0
end_of_record
